0 info it worked if it ends with ok
1 verbose cli [ 'C:\\Program Files\\nodejs\\node.exe',
1 verbose cli   'C:\\Users\\user\\AppData\\Roaming\\npm\\node_modules\\npm\\bin\\npm-cli.js',
1 verbose cli   'run',
1 verbose cli   'test' ]
2 info using npm@4.0.5
3 info using node@v8.11.1
4 verbose run-script [ 'pretest', 'test', 'posttest' ]
5 info lifecycle simpleshop@1.0.0~pretest: simpleshop@1.0.0
6 silly lifecycle simpleshop@1.0.0~pretest: no script for pretest, continuing
7 info lifecycle simpleshop@1.0.0~test: simpleshop@1.0.0
8 verbose lifecycle simpleshop@1.0.0~test: unsafe-perm in lifecycle true
9 verbose lifecycle simpleshop@1.0.0~test: PATH: C:\Users\user\AppData\Roaming\npm\node_modules\npm\bin\node-gyp-bin;C:\repo\simpleshop\node_modules\.bin;C:\Program Files\Git\mingw64\bin;C:\Program Files\Git\usr\bin;C:\Users\user\bin;C:\WINDOWS\system32;C:\WINDOWS;C:\WINDOWS\System32\Wbem;C:\WINDOWS\System32\WindowsPowerShell\v1.0;C:\Program Files\Git\cmd;C:\Program Files\nodejs;C:\WINDOWS\System32\OpenSSH;C:\Program Files\Microsoft VS Code\bin;C:\Ruby24-x64\bin;C:\Users\user\AppData\Local\Programs\Python\Python36-32\Scripts;C:\Users\user\AppData\Local\Programs\Python\Python36-32;C:\Users\user\AppData\Local\Microsoft\WindowsApps;C:\Users\user\Envs;C:\Users\user\AppData\Roaming\npm;C:\Users\user\AppData\Local\hyper\app-2.0.0\resources\bin;C:\Program Files\Microsoft VS Code\bin;C:\Program Files\heroku\bin
10 verbose lifecycle simpleshop@1.0.0~test: CWD: C:\repo\simpleshop
11 silly lifecycle simpleshop@1.0.0~test: Args: [ '/d /s /c', 'cross-env NODE_ENV=test && jest' ]
12 silly lifecycle simpleshop@1.0.0~test: Returned: code: 1  signal: null
13 info lifecycle simpleshop@1.0.0~test: Failed to exec test script
14 verbose stack Error: simpleshop@1.0.0 test: `cross-env NODE_ENV=test && jest`
14 verbose stack Exit status 1
14 verbose stack     at EventEmitter.<anonymous> (C:\Users\user\AppData\Roaming\npm\node_modules\npm\lib\utils\lifecycle.js:279:16)
14 verbose stack     at emitTwo (events.js:126:13)
14 verbose stack     at EventEmitter.emit (events.js:214:7)
14 verbose stack     at ChildProcess.<anonymous> (C:\Users\user\AppData\Roaming\npm\node_modules\npm\lib\utils\spawn.js:40:14)
14 verbose stack     at emitTwo (events.js:126:13)
14 verbose stack     at ChildProcess.emit (events.js:214:7)
14 verbose stack     at maybeClose (internal/child_process.js:925:16)
14 verbose stack     at Process.ChildProcess._handle.onexit (internal/child_process.js:209:5)
15 verbose pkgid simpleshop@1.0.0
16 verbose cwd C:\repo\simpleshop
17 error Windows_NT 10.0.17134
18 error argv "C:\\Program Files\\nodejs\\node.exe" "C:\\Users\\user\\AppData\\Roaming\\npm\\node_modules\\npm\\bin\\npm-cli.js" "run" "test"
19 error node v8.11.1
20 error npm  v4.0.5
21 error code ELIFECYCLE
22 error simpleshop@1.0.0 test: `cross-env NODE_ENV=test && jest`
22 error Exit status 1
23 error Failed at the simpleshop@1.0.0 test script 'cross-env NODE_ENV=test && jest'.
23 error Make sure you have the latest version of node.js and npm installed.
23 error If you do, this is most likely a problem with the simpleshop package,
23 error not with npm itself.
23 error Tell the author that this fails on your system:
23 error     cross-env NODE_ENV=test && jest
23 error You can get information on how to open an issue for this project with:
23 error     npm bugs simpleshop
23 error Or if that isn't available, you can get their info via:
23 error     npm owner ls simpleshop
23 error There is likely additional logging output above.
24 verbose exit [ 1, true ]
